Vivado Simulator 2018.2
Time resolution is 1 ps
At time 0: Value of signal pc_in = x, Value of signal data_out = x
At time 5000: Value of signal pc_in = 0, Value of signal data_out = 0
At time 15000: Value of signal pc_in = 0, Value of signal data_out = 1049235
At time 25000: Value of signal pc_in = 1, Value of signal data_out = 0
At time 35000: Value of signal pc_in = 2, Value of signal data_out = 0
At time 45000: Value of signal pc_in = 0, Value of signal data_out = 0
At time 65000: Value of signal pc_in = 0, Value of signal data_out = 1049235
At time 75000: Value of signal pc_in = 1, Value of signal data_out = 0
At time 85000: Value of signal pc_in = 2, Value of signal data_out = 0
At time 95000: Value of signal pc_in = 3, Value of signal data_out = 0
At time 105000: Value of signal pc_in = 4, Value of signal data_out = 0
At time 115000: Value of signal pc_in = 5, Value of signal data_out = 0
At time 125000: Value of signal pc_in = 6, Value of signal data_out = 0
At time 135000: Value of signal pc_in = 7, Value of signal data_out = 0
At time 145000: Value of signal pc_in = 8, Value of signal data_out = 0
At time 155000: Value of signal pc_in = 9, Value of signal data_out = 0
At time 165000: Value of signal pc_in = 10, Value of signal data_out = 0
At time 175000: Value of signal pc_in = 11, Value of signal data_out = 0
At time 185000: Value of signal pc_in = 12, Value of signal data_out = 0
At time 195000: Value of signal pc_in = 13, Value of signal data_out = 0
At time 205000: Value of signal pc_in = 14, Value of signal data_out = 0
At time 215000: Value of signal pc_in = 15, Value of signal data_out = 0
At time 225000: Value of signal pc_in = 16, Value of signal data_out = 0
At time 235000: Value of signal pc_in = 17, Value of signal data_out = 0
At time 245000: Value of signal pc_in = 18, Value of signal data_out = 0
At time 255000: Value of signal pc_in = 19, Value of signal data_out = 0
At time 265000: Value of signal pc_in = 20, Value of signal data_out = 0
At time 275000: Value of signal pc_in = 21, Value of signal data_out = 0
At time 285000: Value of signal pc_in = 22, Value of signal data_out = 0
At time 295000: Value of signal pc_in = 23, Value of signal data_out = 0
At time 305000: Value of signal pc_in = 24, Value of signal data_out = 0
At time 315000: Value of signal pc_in = 25, Value of signal data_out = 0
At time 325000: Value of signal pc_in = 26, Value of signal data_out = 0
At time 335000: Value of signal pc_in = 27, Value of signal data_out = 0
At time 345000: Value of signal pc_in = 28, Value of signal data_out = 0
At time 355000: Value of signal pc_in = 29, Value of signal data_out = 0
At time 365000: Value of signal pc_in = 30, Value of signal data_out = 0
At time 375000: Value of signal pc_in = 31, Value of signal data_out = 0
At time 385000: Value of signal pc_in = 32, Value of signal data_out = 0
At time 395000: Value of signal pc_in = 33, Value of signal data_out = 0
At time 405000: Value of signal pc_in = 34, Value of signal data_out = 0
At time 415000: Value of signal pc_in = 35, Value of signal data_out = 0
At time 425000: Value of signal pc_in = 36, Value of signal data_out = 0
At time 435000: Value of signal pc_in = 37, Value of signal data_out = 0
At time 445000: Value of signal pc_in = 38, Value of signal data_out = 0
At time 455000: Value of signal pc_in = 39, Value of signal data_out = 0
At time 465000: Value of signal pc_in = 40, Value of signal data_out = 0
At time 475000: Value of signal pc_in = 41, Value of signal data_out = 0
At time 485000: Value of signal pc_in = 42, Value of signal data_out = 0
At time 495000: Value of signal pc_in = 43, Value of signal data_out = 0
At time 505000: Value of signal pc_in = 44, Value of signal data_out = 0
At time 515000: Value of signal pc_in = 45, Value of signal data_out = 0
At time 525000: Value of signal pc_in = 46, Value of signal data_out = 0
At time 535000: Value of signal pc_in = 47, Value of signal data_out = 0
At time 545000: Value of signal pc_in = 48, Value of signal data_out = 0
At time 555000: Value of signal pc_in = 49, Value of