#-----------------------------------------------------------
# Vivado v2018.2 (64-bit)
# SW Build 2258646 on Thu Jun 14 20:03:12 MDT 2018
# IP Build 2256618 on Thu Jun 14 22:10:49 MDT 2018
# Start of session at: Mon Oct 28 13:08:57 2024
# Process ID: 22044
# Current directory: C:/Users/Fayz/OneDrive/Desktop/SV_PRACTICE/RV32_I
# Command line: vivado.exe -gui_launcher_event rodinguilauncherevent4736 C:\Users\Fayz\OneDrive\Desktop\SV_PRACTICE\RV32_I\RV32_I.xpr
# Log file: C:/Users/Fayz/OneDrive/Desktop/SV_PRACTICE/RV32_I/vivado.log
# Journal file: C:/Users/Fayz/OneDrive/Desktop/SV_PRACTICE/RV32_I\vivado.jou
#-----------------------------------------------------------
sstart_guioopen_project C:/Users/Fayz/OneDrive/Desktop/SV_PRACTICE/RV32_I/RV32_I.xprScanning sources...
FFinished scanning sourcesINFO: [IP_Flow 19-234] Refreshing IP repositories
INFO: [IP_Flow 19-1704] No user IP repositories specified
IINFO: [IP_Flow 19-2313] Loaded Vivado IP repository 'E:/Vivado/2018.2/data/ip'.open_project: Time (s): cpu = 00:00:26 ; elapsed = 00:00:45 . Memory (MB): peak = 859.168 ; gain = 170.016
uupdate_compile_order -fileset sources_1cexit
INFO: [Common 17-206] Exiting Vivado at Mon Oct 28 13:30:34 2024...
-LITE/AXI4-LITE.xpr
Scanning sources...
Finished scanning sources
INFO: [IP_Flow 19-234] Refreshing IP repositories
INFO: [IP_Flow 19-1704] No user IP repositories specified
INFO: [IP_Flow 19-2313] Loaded Vivado IP repository 'E:/Vivado/2018.2/data/ip'.
open_project: Time (s): cpu = 00:00:10 ; elapsed = 00:00:08 . Memory (MB): peak = 859.809 ; gain = 0.641
update_compile_order -fileset sources_1
file mkdir C:/Users/Fayz/OneDrive/Desktop/SV_PRACTICE/AXI4-LITE/AXI4-LITE.sdk
write_hwdef -force  -file C:/Users/Fayz/OneDrive/Desktop/SV_PRACTICE/AXI4-LITE/AXI4-LITE.sdk/AXI_4_top.hdf
write_verilog -mode funcsim <TOP.v>
ERROR: [Common 17-53] User Exception: No open design. Please open an elaborated, synthesized or implemented design before executing this command.
generate_target all [get_files C:/Users/Fayz/OneDrive/Desktop/SV_PRACTICE/AXI4-LITE/AXI4-LITE.srcs/sources_1/bd/design_2/design_2.bd]
Excluding </axi_bram_ctrl_0/S_AXI/Mem0> from </S_AXI_0>
INFO: [BD 41-1029] Generation completed for the IP Integrator block axi_bram_ctrl_0 .
generate_target: Time (s): cpu = 00:00:01 ; elapsed = 00:00:09 . Memory (MB): peak = 883.742 ; gain = 8.609
synth_design -rtl -name rtl_1
Command: synth_design -rtl -name rtl_1
Starting synth_design
Using part: xc7a100tcsg324-1
Top: AXI_4_top
---------------------------------------------------------------------------------
Starting RTL Elaboration : Time (s): cpu = 00:00:14 ; elapsed = 00:00:19 . Memory (MB): peak = 998.645 ; gain = 114.727
---------------------------------------------------------------------------------
INFO: [Synth 8-6157] synthesizing module 'AXI_4_top' [C:/Users/Fayz/OneDrive/Desktop/SV_PRACTICE/AXI4-LITE/AXI4-LITE.srcs/sources_1/new/AXI_4_top.sv:23]
	Parameter address_width bound to: 32 - type: integer 
	Parameter data_width bound to: 32 - type: integer 
INFO: [Synth 8-6157] synthesizing module 'AXI4_master' [C:/Users/Fayz/OneDrive/Desktop/SV_PRACTICE/AXI4-LITE/AXI4-LITE.srcs/sources_1/new/AXI4_master.sv:23]
	Parameter address_width bound to: 32 - type: integer 
	Parameter data_width bound to: 32 - type: integer 
WARNING: [Synth 8-87] always_comb on 'm_RREADY_reg' did not result in combinational logic [C:/Users/Fayz/OneDrive/Desktop/SV_PRACTICE/AXI4-LITE/AXI4-LITE.srcs/sources_1/new/AXI4_master.sv:88]
WARNING: [Synth 8-87] always_comb on 'm_BREADY_reg' did not result in combinational logic [C:/Users/Fayz/OneDrive/Desktop/SV_PRACTICE/AXI4-LITE/AXI4-LITE.srcs/sources_1/new/AXI4_master.sv:89]
WARNING: [Synth 8-87] always_comb on 'next_state_reg' did not result in combinational logic [C:/Users/Fayz/OneDrive/Desktop/SV_PRACTICE/AXI4-LITE/AXI4-LITE.srcs/sources_1/new/AXI4_master.sv:92]
WARNING: [Synth 8-87] always_comb on 'm_ARVALID_reg' did not result in combinational logic [C:/Users/Fayz/OneDrive/Desktop/SV_PRACTICE/AXI4-LITE/AXI4-LITE.srcs/sources_1/new/AXI4_master.sv:100]
WARNING: [Synth 8-87] always_comb on 'm_ARADDR_reg' did not result in combinational logic [C:/Users/Fayz/OneDrive/Desktop/SV_PRACTICE/AXI4-LITE/AXI4-LITE.srcs/sources_1/new/AXI4_master.sv:103]
WARNING: [Synth 8-87] always_comb on 'm_AWVALID_reg' did not result in combinational logic [C:/Users/Fayz/OneDrive/Desktop/SV_PRACTICE/AXI4-LITE/AXI4-LITE.srcs/sources_1/new/AXI4_master.sv:115]
WARNING: [Synth 8-87] always_comb on 'm_WVALID_reg' did not result in combinational logic [C:/Users/Fayz/OneDrive/Desktop/SV_PRACTICE/AXI4-LITE/AXI4-LITE.srcs/sources_1/new/AXI4_master.sv:117]
WARNING: [Synth 8-87] always_comb on 'm_WDATA_reg' did not result in combinational logic [C:/Users/Fayz/OneDrive/Desktop/SV_PRACTICE/AXI4-LITE/AXI4-LITE.srcs/sources_1/new/AXI4_master.sv:121]
WARNING: [Synth 8-87] always_comb on 'm_AWADDR_reg' did not result in combinational logic [C:/Users/Fayz/OneDrive/Desktop/SV_PRACTICE/AXI4-LITE/AXI4-LITE.srcs/sources_1/new/AXI4_master.sv:122]
INFO: [Synth 8-6155] done synthesizing module 'AXI4_master' (1#1) [C:/Users/Fayz/OneDrive/Desktop/SV_PRACTICE/AXI4-LITE/AXI4-LITE.srcs/sources_1/new/AXI4_master.sv:23]
INFO: [Synth 8-6157] synthesizing module 'design_2' [C:/Users/Fayz/OneDrive/Desktop/SV_PRACTICE/AXI4-LITE/AXI4-LITE.srcs/sources_1/bd/design_2/synth/design_2.v:13]
INFO: [Synth 8-638] synthesizing module 'design_2_axi_bram_ctrl_0_0' [c:/Users/Fayz/OneDrive/Desktop/SV_PRACTICE/AXI4-LITE/AXI4-LITE.srcs/sources_1/bd/design_2/ip/design_2_axi_bram_ctrl_0_0/synth/design_2_axi_bram_ctrl_0_0.vhd:92]
	Parameter C_BRAM_INST_MODE bound to: EXTERNAL - type: string 
	Parameter C_MEMORY_DEPTH bound to: 8192 - type: integer 
	Parameter C_BRAM_ADDR_WIDTH bound to: 13 - type: integer 
	Parameter C_S_AXI_ADDR_WIDTH bound to: 15 - type: integer 
	Parameter C_S_AXI_DATA_WIDTH bound to: 32 - type: integer 
	Parameter C_S_AXI_ID_WIDTH bound to: 1 - type: integer 
	Parameter C_S_AXI_PROTOCOL bound to: AXI4LITE - type: string 
	Parameter C_S_AXI_SUPPORTS_NARROW_BURST bound to: 0 - type: integer 
	Parameter C_SINGLE_PORT_BRAM bound to: 1 - type: integer 
	Parameter C_FAMILY bound to: artix7 - type: string 
	Parameter C_SELECT_XPM bound to: 1 - type: integer 
	Parameter C_S_AXI_CTRL_ADDR_WIDTH bound to: 32 - type: integer 
	Parameter C_S_AXI_CTRL_DATA_WIDTH bound to: 32 - type: integer 
	Parameter C_ECC bound to: 0 - type: integer 
	Parameter C_ECC_TYPE bound to: 0 - type: integer 
	Parameter C_FAULT_INJECT bound to: 0 - type: integer 
	Parameter C_ECC_ONOFF_RESET_VALUE bound to: 0 - type: integer 
INFO: [Synth 8-3491] module 'axi_bram_ctrl' declared at 'c:/Users/Fayz/OneDrive/Desktop/SV_PRACTICE/AXI4-LITE/AXI4-LITE.srcs/sources_1/bd/design_2/ipshared/6db1/hdl/axi_bram_ctrl_v4_0_rfs.vhd:23737' bound to instance 'U0' of component 'axi_bram_ctrl' [c:/Users/Fayz/OneDrive/Desktop/SV_PRACTICE/AXI4-LITE/AXI4-LITE.srcs/sources_1/bd/design_2/ip/design_2_axi_bram_ctrl_0_0/synth/design_2_axi_bram_ctrl_0_0.vhd:230]
INFO: [Synth 8-638] synthesizing module 'axi_bram_ctrl' [c:/Users/Fayz/OneDrive/Desktop/SV_PRACTICE/AXI4-LITE/AXI4-LITE.srcs/sources_1/bd/design_2/ipshared/6db1/hdl/axi_bram_ctrl_v4_0_rfs.vhd:23907]
	Parameter C_BRAM_INST_MODE bound to: EXTERNAL - type: string 
	Parameter C_MEMORY_DEPTH bound to: 8192 - type: integer 
	Parameter C_BRAM_ADDR_WIDTH bound to: 13 - type: integer 
	Parameter C_S_AXI_ADDR_WIDTH bound to: 15 - type: integer 
	Parameter C_S_AXI_DATA_WIDTH bound to: 32 - type: integer 
	Parameter C_S_AXI_ID_WIDTH bound to: 1 - type: integer 
	Parameter C_S_AXI_PROTOCOL bound to: AXI4LITE - type: string 
	Parameter C_S_AXI_SUPPORTS_NARROW_BURST bound to: 0 - type: integer 
	Parameter C_SINGLE_PORT_BRAM bound to: 1 - type: integer 
	Parameter C_FAMILY bound to: artix7 - type: string 
	Parameter C_SELECT_XPM bound to: 1 - type: integer 
	Parameter C_S_AXI_CTRL_ADDR_WIDTH bound to: 32 - type: integer 
	Parameter C_S_AXI_CTRL_DATA_WIDTH bound to: 32 - type: integer 
	Parameter C_ECC bound to: 0 - type: integer 
	Parameter C_ECC_TYPE bound to: 0 - type: integer 
	Parameter C_FAULT_INJECT bound to: 0 - type: integer 
	Parameter C_ECC_ONOFF_RESET_VALUE bound to: 0 - type: integer 
INFO: [Synth 8-638] synthesizing module 'axi_bram_ctrl_top' [c:/Users/Fayz/OneDrive/Desktop/SV_PRACTICE/AXI4-LITE/AXI4-LITE.srcs/sources_1/bd/design_2/ipshared/6db1/hdl/axi_bram_ctrl_v4_0_rfs.vhd:22907]
	Parameter C_BRAM_ADDR_WIDTH bound to: 13 - type: integer 
	Parameter C_S_AXI_ADDR_WIDTH bound to: 15 - type: integer 
	Parameter C_S_AXI_DATA_WIDTH bound to: 32 - type: integer 
	Parameter C_S_AXI_ID_WIDTH bound to: 1 - type: integer 
	Parameter C_S_AXI_PROTOCOL bound to: AXI4LITE - type: string 
	Parameter C_S_AXI_SUPPORTS_NARROW_BURST bound to: 0 - type: integer 
	Parameter C_SINGLE_PORT_BRAM bound to: 1 - type: integer 
	Parameter C_S_AXI_CTRL_ADDR_WIDTH bound to: 32 - type: integer 
	Parameter C_S_AXI_CTRL_DATA_WIDTH bound to: 32 - type: integer 
	Parameter C_ECC bound to: 0 - type: integer 
	Parameter C_ECC_TYPE bound to: 0 - type: integer 
	Parameter C_FAULT_INJECT bound to: 0 - type: integer 
	Parameter C_ECC_ONOFF_RESET_VALUE bound to: 0 - type: integer 
INFO: [Synth 8-638] synthesizing module 'axi_lite' [c:/Users/Fayz/OneDrive/Desktop/SV_PRACTICE/AXI4-LITE/AXI4-LITE.srcs/sources_1/bd/design_2/ipshared/6db1/hdl/axi_bram_ctrl_v4_0_rfs.vhd:7102]
	Parameter C_S_AXI_PROTOCOL bound to: AXI4LITE - type: string 
	Parameter C_S_AXI_ADDR_WIDTH bound to: 15 - type: integer 
	Parameter C_S_AXI_DATA_WIDTH bound to: 32 - type: integer 
	Parameter C_SINGLE_PORT_BRAM bound to: 1 - type: integer 
	Parameter C_S_AXI_CTRL_ADDR_WIDTH bound to: 32 - type: integer 
	Parameter C_S_AXI_CTRL_DATA_WIDTH bound to: 32 - type: integer 
	Parameter C_ECC bound to: 0 - type: integer 
	Parameter C_ECC_TYPE bound to: 0 - type: integer 
	Parameter C_ECC_WIDTH bound to: 0 - type: integer 
	Parameter C_FAULT_INJECT bound to: 0 - type: integer 
	Parameter C_ECC_ONOFF_RESET_VALUE bound to: 0 - type: integer 
	Parameter C_ENABLE_AXI_CTRL_REG_IF bound to: 0 - type: integer 
	Parameter C_CE_FAILING_REGISTERS bound to: 0 - type: integer 
	Parameter C_UE_FAILING_REGISTERS bound to: 0 - type: integer 
	Parameter C_ECC_STATUS_REGISTERS bound to: 0 - type: integer 
	Parameter C_ECC_ONOFF_REGISTER bound to: 0 - type: integer 
	Parameter C_CE_COUNTER_WIDTH bound to: 0 - type: integer 
WARNING: [Synth 8-6014] Unused sequential element axi_arready_reg_reg was removed.  [c:/Users/Fayz/OneDrive/Desktop/SV_PRACTICE/AXI4-LITE/AXI4-LITE.srcs/sources_1/bd/design_2/ipshared/6db1/hdl/axi_bram_ctrl_v4_0_rfs.vhd:8396]
WARNING: [Synth 8-6014] Unused sequential element axi_rvalid_set_r_reg was removed.  [c:/Users/Fayz/OneDrive/Desktop/SV_PRACTICE/AXI4-LITE/AXI4-LITE.srcs/sources_1/bd/design_2/ipshared/6db1/hdl/axi_bram_ctrl_v4_0_rfs.vhd:8397]
WARNING: [Synth 8-6014] Unused sequential element axi_rlast_set_r_reg was removed.  [c:/Users/Fayz/OneDrive/Desktop/SV_PRACTICE/AXI4-LITE/AXI4-LITE.srcs/sources_1/bd/design_2/ipshared/6db1/hdl/axi_bram_ctrl_v4_0_rfs.vhd:8398]
INFO: [Synth 8-256] done synthesizing module 'axi_lite' (2#1) [c:/Users/Fayz/OneDrive/Desktop/SV_PRACTICE/AXI4-LITE/AXI4-LITE.srcs/sources_1/bd/design_2/ipshared/6db1/hdl/axi_bram_ctrl_v4_0_rfs.vhd:7102]
INFO: [Synth 8-256] done synthesizing module 'axi_bram_ctrl_top' (3#1) [c:/Users/Fayz/OneDrive/Desktop/SV_PRACTICE/AXI4-LITE/AXI4-LITE.srcs/sources_1/bd/design_2/ipshared/6db1/hdl/axi_bram_ctrl_v4_0_rfs.vhd:22907]
INFO: [Synth 8-256] done synthesizing module 'axi_bram_ctrl' (4#1) [c:/Users/Fayz/OneDrive/Desktop/SV_PRACTICE/AXI4-LITE/AXI4-LITE.srcs/sources_1/bd/design_2/ipshared/6db1/hdl/axi_bram_ctrl_v4_0_rfs.vhd:23907]
INFO: [Synth 8-256] done synthesizing module 'design_2_axi_bram_ctrl_0_0' (5#1) [c:/Users/Fayz/OneDrive/Desktop/SV_PRACTICE/AXI4-LITE/AXI4-LITE.srcs/sources_1/bd/design_2/ip/design_2_axi_bram_ctrl_0_0/synth/design_2_axi_bram_ctrl_0_0.vhd:92]
INFO: [Synth 8-6155] done synthesizing module 'design_2' (6#1) [C:/Users/Fayz/OneDrive/Desktop/SV_PRACTICE/AXI4-LITE/AXI4-LITE.srcs/sources_1/bd/design_2/synth/design_2.v:13]
WARNING: [Synth 8-689] width (32) of port connection 'S_AXI_0_araddr' does not match port width (15) of module 'design_2' [C:/Users/Fayz/OneDrive/Desktop/SV_PRACTICE/AXI4-LITE/AXI4-LITE.srcs/sources_1/new/AXI_4_top.sv:77]
WARNING: [Synth 8-689] width (32) of port connection 'S_AXI_0_awaddr' does not match port width (15) of module 'design_2' [C:/Users/Fayz/OneDrive/Desktop/SV_PRACTICE/AXI4-LITE/AXI4-LITE.srcs/sources_1/new/AXI_4_top.sv:86]
WARNING: [Synth 8-350] instance 'des' of module 'design_2' requires 28 connections, but only 18 given [C:/Users/Fayz/OneDrive/Desktop/SV_PRACTICE/AXI4-LITE/AXI4-LITE.srcs/sources_1/new/AXI_4_top.sv:76]
WARNING: [Synth 8-3848] Net data_in in module/entity AXI_4_top does not have driver. [C:/Users/Fayz/OneDrive/Desktop/SV_PRACTICE/AXI4-LITE/AXI4-LITE.srcs/sources_1/new/AXI_4_top.sv:32]
WARNING: [Synth 8-3848] Net wrt_en in module/entity AXI_4_top does not have driver. [C:/Users/Fayz/OneDrive/Desktop/SV_PRACTICE/AXI4-LITE/AXI4-LITE.srcs/sources_1/new/AXI_4_top.sv:34]
INFO: [Synth 8-6155] done synthesizing module 'AXI_4_top' (7#1) [C:/Users/Fayz/OneDrive/Desktop/SV_PRACTICE/AXI4-LITE/AXI4-LITE.srcs/sources_1/new/AXI_4_top.sv:23]
WARNING: [Synth 8-3331] design axi_lite has unconnected port AXI_AWADDR[1]
WARNING: [Synth 8-3331] design axi_lite has unconnected port AXI_AWADDR[0]
WARNING: [Synth 8-3331] design axi_lite has unconnected port AXI_ARADDR[1]
WARNING: [Synth 8-3331] design axi_lite has unconnected port AXI_ARADDR[0]
WARNING: [Synth 8-3331] design axi_lite has unconnected port AXI_CTRL_AWVALID
WARNING: [Synth 8-3331] design axi_lite has unconnected port AXI_CTRL_AWADDR[31]
WARNING: [Synth 8-3331] design axi_lite has unconnected port AXI_CTRL_AWADDR[30]
WARNING: [Synth 8-3331] design axi_lite has unconnected port AXI_CTRL_AWADDR[29]
WARNING: [Synth 8-3331] design axi_lite has unconnected port AXI_CTRL_AWADDR[28]
WARNING: [Synth 8-3331] design axi_lite has unconnected port AXI_CTRL_AWADDR[27]
WARNING: [Synth 8-3331] design axi_lite has unconnected port AXI_CTRL_AWADDR[26]
WARNING: [Synth 8-3331] design axi_lite has unconnected port AXI_CTRL_AWADDR[25]
WARNING: [Synth 8-3331] design axi_lite has unconnected port AXI_CTRL_AWADDR[24]
WARNING: [Synth 8-3331] design axi_lite has unconnected port AXI_CTRL_AWADDR[23]
WARNING: [Synth 8-3331] design axi_lite has unconnected port AXI_CTRL_AWADDR[22]
WARNING: [Synth 8-3331] design axi_lite has unconnected port AXI_CTRL_AWADDR[21]
WARNING: [Synth 8-3331] design axi_lite has unconnected port AXI_CTRL_AWADDR[20]
WARNING: [Synth 8-3331] design axi_lite has unconnected port AXI_CTRL_AWADDR[19]
WARNING: [Synth 8-3331] design axi_lite has unconnected port AXI_CTRL_AWADDR[18]
WARNING: [Synth 8-3331] design axi_lite has unconnected port AXI_CTRL_AWADDR[17]
WARNING: [Synth 8-3331] design axi_lite has unconnected port AXI_CTRL_AWADDR[16]
WARNING: [Synth 8-3331] design axi_lite has unconnected port AXI_CTRL_AWADDR[15]
WARNING: [Synth 8-3331] design axi_lite has unconnected port AXI_CTRL_AWADDR[14]
WARNING: [Synth 8-3331] design axi_lite has unconnected port AXI_CTRL_AWADDR[13]
WARNING: [Synth 8-3331] design axi_lite has unconnected port AXI_CTRL_AWADDR[12]
WARNING: [Synth 8-3331] design axi_lite has unconnected port AXI_CTRL_AWADDR[11]
WARNING: [Synth 8-3331] design axi_lite has unconnected port AXI_CTRL_AWADDR[10]
WARNING: [Synth 8-3331] design axi_lite has unconnected port AXI_CTRL_AWADDR[9]
WARNING: [Synth 8-3331] design axi_lite has unconnected port AXI_CTRL_AWADDR[8]
WARNING: [Synth 8-3331] design axi_lite has unconnected port AXI_CTRL_AWADDR[7]
WARNING: [Synth 8-3331] design axi_lite has unconnected port AXI_CTRL_AWADDR[6]
WARNING: [Synth 8-3331] design axi_lite has unconnected port AXI_CTRL_AWADDR[5]
WARNING: [Synth 8-3331] design axi_lite has unconnected port AXI_CTRL_AWADDR[4]
WARNING: [Synth 8-3331] design axi_lite has unconnected port AXI_CTRL_AWADDR[3]
WARNING: [Synth 8-3331] design axi_lite has unconnected port AXI_CTRL_AWADDR[2]
WARNING: [Synth 8-3331] design axi_lite has unconnected port AXI_CTRL_AWADDR[1]
WARNING: [Synth 8-3331] design axi_lite has unconnected port AXI_CTRL_AWADDR[0]
WARNING: [Synth 8-3331] design axi_lite has unconnected port AXI_CTRL_WDATA[31]
WARNING: [Synth 8-3331] design axi_lite has unconnected port AXI_CTRL_WDATA[30]
WARNING: [Synth 8-3331] design axi_lite has unconnected port AXI_CTRL_WDATA[29]
WARNING: [Synth 8-3331] design axi_lite has unconnected port AXI_CTRL_WDATA[28]
WARNING: [Synth 8-3331] design axi_lite has unconnected port AXI_CTRL_WDATA[27]
WARNING: [Synth 8-3331] design axi_lite has unconnected port AXI_CTRL_WDATA[26]
WARNING: [Synth 8-3331] design axi_lite has unconnected port AXI_CTRL_WDATA[25]
WARNING: [Synth 8-3331] design axi_lite has unconnected port AXI_CTRL_WDATA[24]
WARNING: [Synth 8-3331] design axi_lite has unconnected port AXI_CTRL_WDATA[23]
WARNING: [Synth 8-3331] design axi_lite has unconnected port AXI_CTRL_WDATA[22]
WARNING: [Synth 8-3331] design axi_lite has unconnected port AXI_CTRL_WDATA[21]
WARNING: [Synth 8-3331] design axi_lite has unconnected port AXI_CTRL_WDATA[20]
WARNING: [Synth 8-3331] design axi_lite has unconnected port AXI_CTRL_WDATA[19]
WARNING: [Synth 8-3331] design axi_lite has unconnected port AXI_CTRL_WDATA[18]
WARNING: [Synth 8-3331] design axi_lite has unconnected port AXI_CTRL_WDATA[17]
WARNING: [Synth 8-3331] design axi_lite has unconnected port AXI_CTRL_WDATA[16]
WARNING: [Synth 8-3331] design axi_lite has unconnected port AXI_CTRL_WDATA[15]
WARNING: [Synth 8-3331] design axi_lite has unconnected port AXI_CTRL_WDATA[14]
WARNING: [Synth 8-3331] design axi_lite has unconnected port AXI_CTRL_WDATA[13]
WARNING: [Synth 8-3331] design axi_lite has unconnected port AXI_CTRL_WDATA[12]
WARNING: [Synth 8-3331] design axi_lite has unconnected port AXI_CTRL_WDATA[11]
WARNING: [Synth 8-3331] design axi_lite has unconnected port AXI_CTRL_WDATA[10]
WARNING: [Synth 8-3331] design axi_lite has unconnected port AXI_CTRL_WDATA[9]
WARNING: [Synth 8-3331] design axi_lite has unconnected port AXI_CTRL_WDATA[8]
WARNING: [Synth 8-3331] design axi_lite has unconnected port AXI_CTRL_WDATA[7]
WARNING: [Synth 8-3331] design axi_lite has unconnected port AXI_CTRL_WDATA[6]
WARNING: [Synth 8-3331] design axi_lite has unconnected port AXI_CTRL_WDATA[5]
WARNING: [Synth 8-3331] design axi_lite has unconnected port AXI_CTRL_WDATA[4]
WARNING: [Synth 8-3331] design axi_lite has unconnected port AXI_CTRL_WDATA[3]
WARNING: [Synth 8-3331] design axi_lite has unconnected port AXI_CTRL_WDATA[2]
WARNING: [Synth 8-3331] design axi_lite has unconnected port AXI_CTRL_WDATA[1]
WARNING: [Synth 8-3331] design axi_lite has unconnected port AXI_CTRL_WDATA[0]
WARNING: [Synth 8-3331] design axi_lite has unconnected port AXI_CTRL_WVALID
WARNING: [Synth 8-3331] design axi_lite has unconnected port AXI_CTRL_BREADY
WARNING: [Synth 8-3331] design axi_lite has unconnected port AXI_CTRL_ARADDR[31]
WARNING: [Synth 8-3331] design axi_lite has unconnected port AXI_CTRL_ARADDR[30]
WARNING: [Synth 8-3331] design axi_lite has unconnected port AXI_CTRL_ARADDR[29]
WARNING: [Synth 8-3331] design axi_lite has unconnected port AXI_CTRL_ARADDR[28]
WARNING: [Synth 8-3331] design axi_lite has unconnected port AXI_CTRL_ARADDR[27]
WARNING: [Synth 8-3331] design axi_lite has unconnected port AXI_CTRL_ARADDR[26]
WARNING: [Synth 8-3331] design axi_lite has unconnected port AXI_CTRL_ARADDR[25]
WARNING: [Synth 8-3331] design axi_lite has unconnected port AXI_CTRL_ARADDR[24]
WARNING: [Synth 8-3331] design axi_lite has unconnected port AXI_CTRL_ARADDR[23]
WARNING: [Synth 8-3331] design axi_lite has unconnected port AXI_CTRL_ARADDR[22]
WARNING: [Synth 8-3331] design axi_lite has unconnected port AXI_CTRL_ARADDR[21]
WARNING: [Synth 8-3331] design axi_lite has unconnected port AXI_CTRL_ARADDR[20]
WARNING: [Synth 8-3331] design axi_lite has unconnected port AXI_CTRL_ARADDR[19]
WARNING: [Synth 8-3331] design axi_lite has unconnected port AXI_CTRL_ARADDR[18]
WARNING: [Synth 8-3331] design axi_lite has unconnected port AXI_CTRL_ARADDR[17]
WARNING: [Synth 8-3331] design axi_lite has unconnected port AXI_CTRL_ARADDR[16]
WARNING: [Synth 8-3331] design axi_lite has unconnected port AXI_CTRL_ARADDR[15]
WARNING: [Synth 8-3331] design axi_lite has unconnected port AXI_CTRL_ARADDR[14]
WARNING: [Synth 8-3331] design axi_lite has unconnected port AXI_CTRL_ARADDR[13]
WARNING: [Synth 8-3331] design axi_lite has unconnected port AXI_CTRL_ARADDR[12]
WARNING: [Synth 8-3331] design axi_lite has unconnected port AXI_CTRL_ARADDR[11]
WARNING: [Synth 8-3331] design axi_lite has unconnected port AXI_CTRL_ARADDR[10]
WARNING: [Synth 8-3331] design axi_lite has unconnected port AXI_CTRL_ARADDR[9]
WARNING: [Synth 8-3331] design axi_lite has unconnected port AXI_CTRL_ARADDR[8]
WARNING: [Synth 8-3331] design axi_lite has unconnected port AXI_CTRL_ARADDR[7]
WARNING: [Synth 8-3331] design axi_lite has unconnected port AXI_CTRL_ARADDR[6]
WARNING: [Synth 8-3331] design axi_lite has unconnected port AXI_CTRL_ARADDR[5]
WARNING: [Synth 8-3331] design axi_lite has unconnected port AXI_CTRL_ARADDR[4]
WARNING: [Synth 8-3331] design axi_lite has unconnected port AXI_CTRL_ARADDR[3]
INFO: [Common 17-14] Message 'Synth 8-3331' appears 100 times and further instances of the messages will be disabled. Use the Tcl command set_msg_config to change the current settings.
---------------------------------------------------------------------------------
Finished RTL Elaboration : Time (s): cpu = 00:00:26 ; elapsed = 00:00:33 . Memory (MB): peak = 1167.844 ; gain = 283.926
---------------------------------------------------------------------------------

Report Check Netlist: 
+------+------------------+-------+---------+-------+------------------+
|      |Item              |Errors |Warnings |Status |Description       |
+------+------------------+-------+---------+-------+------------------+
|1     |multi_driven_nets |      0|        0|Passed |Multi driven nets |
+------+------------------+-------+---------+-------+------------------+
WARNING: [Synth 8-3295] tying undriven pin master:wrt_en to constant 0 [C:/Users/Fayz/OneDrive/Desktop/SV_PRACTICE/AXI4-LITE/AXI4-LITE.srcs/sources_1/new/AXI_4_top.sv:41]
WARNING: [Synth 8-3295] tying undriven pin master:data_in[31] to constant 0 [C:/Users/Fayz/OneDrive/Desktop/SV_PRACTICE/AXI4-LITE/AXI4-LITE.srcs/sources_1/new/AXI_4_top.sv:41]
WARNING: [Synth 8-3295] tying undriven pin master:data_in[30] to constant 0 [C:/Users/Fayz/OneDrive/Desktop/SV_PRACTICE/AXI4-LITE/AXI4-LITE.srcs/sources_1/new/AXI_4_top.sv:41]
WARNING: [Synth 8-3295] tying undriven pin master:data_in[29] to constant 0 [C:/Users/Fayz/OneDrive/Desktop/SV_PRACTICE/AXI4-LITE/AXI4-LITE.srcs/sources_1/new/AXI_4_top.sv:41]
WARNING: [Synth 8-3295] tying undriven pin master:data_in[28] to constant 0 [C:/Users/Fayz/OneDrive/Desktop/SV_PRACTICE/AXI4-LITE/AXI4-LITE.srcs/sources_1/new/AXI_4_top.sv:41]
WARNING: [Synth 8-3295] tying undriven pin master:data_in[27] to constant 0 [C:/Users/Fayz/OneDrive/Desktop/SV_PRACTICE/AXI4-LITE/AXI4-LITE.srcs/sources_1/new/AXI_4_top.sv:41]
WARNING: [Synth 8-3295] tying undriven pin master:data_in[26] to constant 0 [C:/Users/Fayz/OneDrive/Desktop/SV_PRACTICE/AXI4-LITE/AXI4-LITE.srcs/sources_1/new/AXI_4_top.sv:41]
WARNING: [Synth 8-3295] tying undriven pin master:data_in[25] to constant 0 [C:/Users/Fayz/OneDrive/Desktop/SV_PRACTICE/AXI4-LITE/AXI4-LITE.srcs/sources_1/new/AXI_4_top.sv:41]
WARNING: [Synth 8-3295] tying undriven pin master:data_in[24] to constant 0 [C:/Users/Fayz/OneDrive/Desktop/SV_PRACTICE/AXI4-LITE/AXI4-LITE.srcs/sources_1/new/AXI_4_top.sv:41]
WARNING: [Synth 8-3295] tying undriven pin master:data_in[23] to constant 0 [C:/Users/Fayz/OneDrive/Desktop/SV_PRACTICE/AXI4-LITE/AXI4-LITE.srcs/sources_1/new/AXI_4_top.sv:41]
WARNING: [Synth 8-3295] tying undriven pin master:data_in[22] to constant 0 [C:/Users/Fayz/OneDrive/Desktop/SV_PRACTICE/AXI4-LITE/AXI4-LITE.srcs/sources_1/new/AXI_4_top.sv:41]
WARNING: [Synth 8-3295] tying undriven pin master:data_in[21] to constant 0 [C:/Users/Fayz/OneDrive/Desktop/SV_PRACTICE/AXI4-LITE/AXI4-LITE.srcs/sources_1/new/AXI_4_top.sv:41]
WARNING: [Synth 8-3295] tying undriven pin master:data_in[20] to constant 0 [C:/Users/Fayz/OneDrive/Desktop/SV_PRACTICE/AXI4-LITE/AXI4-LITE.srcs/sources_1/new/AXI_4_top.sv:41]
WARNING: [Synth 8-3295] tying undriven pin master:data_in[19] to constant 0 [C:/Users/Fayz/OneDrive/Desktop/SV_PRACTICE/AXI4-LITE/AXI4-LITE.srcs/sources_1/new/AXI_4_top.sv:41]
WARNING: [Synth 8-3295] tying undriven pin master:data_in[18] to constant 0 [C:/Users/Fayz/OneDrive/Desktop/SV_PRACTICE/AXI4-LITE/AXI4-LITE.srcs/sources_1/new/AXI_4_top.sv:41]
WARNING: [Synth 8-3295] tying undriven pin master:data_in[17] to constant 0 [C:/Users/Fayz/OneDrive/Desktop/SV_PRACTICE/AXI4-LITE/AXI4-LITE.srcs/sources_1/new/AXI_4_top.sv:41]
WARNING: [Synth 8-3295] tying undriven pin master:data_in[16] to constant 0 [C:/Users/Fayz/OneDrive/Desktop/SV_PRACTICE/AXI4-LITE/AXI4-LITE.srcs/sources_1/new/AXI_4_top.sv:41]
WARNING: [Synth 8-3295] tying undriven pin master:data_in[15] to constant 0 [C:/Users/Fayz/OneDrive/Desktop/SV_PRACTICE/AXI4-LITE/AXI4-LITE.srcs/sources_1/new/AXI_4_top.sv:41]
WARNING: [Synth 8-3295] tying undriven pin master:data_in[14] to constant 0 [C:/Users/Fayz/OneDrive/Desktop/SV_PRACTICE/AXI4-LITE/AXI4-LITE.srcs/sources_1/new/AXI_4_top.sv:41]
WARNING: [Synth 8-3295] tying undriven pin master:data_in[13] to constant 0 [C:/Users/Fayz/OneDrive/Desktop/SV_PRACTICE/AXI4-LITE/AXI4-LITE.srcs/sources_1/new/AXI_4_top.sv:41]
WARNING: [Synth 8-3295] tying undriven pin master:data_in[12] to constant 0 [C:/Users/Fayz/OneDrive/Desktop/SV_PRACTICE/AXI4-LITE/AXI4-LITE.srcs/sources_1/new/AXI_4_top.sv:41]
WARNING: [Synth 8-3295] tying undriven pin master:data_in[11] to constant 0 [C:/Users/Fayz/OneDrive/Desktop/SV_PRACTICE/AXI4-LITE/AXI4-LITE.srcs/sources_1/new/AXI_4_top.sv:41]
WARNING: [Synth 8-3295] tying undriven pin master:data_in[10] to constant 0 [C:/Users/Fayz/OneDrive/Desktop/SV_PRACTICE/AXI4-LITE/AXI4-LITE.srcs/sources_1/new/AXI_4_top.sv:41]
WARNING: [Synth 8-3295] tying undriven pin master:data_in[9] to constant 0 [C:/Users/Fayz/OneDrive/Desktop/SV_PRACTICE/AXI4-LITE/AXI4-LITE.srcs/sources_1/new/AXI_4_top.sv:41]
WARNING: [Synth 8-3295] tying undriven pin master:data_in[8] to constant 0 [C:/Users/Fayz/OneDrive/Desktop/SV_PRACTICE/AXI4-LITE/AXI4-LITE.srcs/sources_1/new/AXI_4_top.sv:41]
WARNING: [Synth 8-3295] tying undriven pin master:data_in[7] to constant 0 [C:/Users/Fayz/OneDrive/Desktop/SV_PRACTICE/AXI4-LITE/AXI4-LITE.srcs/sources_1/new/AXI_4_top.sv:41]
WARNING: [Synth 8-3295] tying undriven pin master:data_in[6] to constant 0 [C:/Users/Fayz/OneDrive/Desktop/SV_PRACTICE/AXI4-LITE/AXI4-LITE.srcs/sources_1/new/AXI_4_top.sv:41]
WARNING: [Synth 8-3295] tying undriven pin master:data_in[5] to constant 0 [C:/Users/Fayz/OneDrive/Desktop/SV_PRACTICE/AXI4-LITE/AXI4-LITE.srcs/sources_1/new/AXI_4_top.sv:41]
WARNING: [Synth 8-3295] tying undriven pin master:data_in[4] to constant 0 [C:/Users/Fayz/OneDrive/Desktop/SV_PRACTICE/AXI4-LITE/AXI4-LITE.srcs/sources_1/new/AXI_4_top.sv:41]
WARNING: [Synth 8-3295] tying undriven pin master:data_in[3] to constant 0 [C:/Users/Fayz/OneDrive/Desktop/SV_PRACTICE/AXI4-LITE/AXI4-LITE.srcs/sources_1/new/AXI_4_top.sv:41]
WARNING: [Synth 8-3295] tying undriven pin master:data_in[2] to constant 0 [C:/Users/Fayz/OneDrive/Desktop/SV_PRACTICE/AXI4-LITE/AXI4-LITE.srcs/sources_1/new/AXI_4_top.sv:41]
WARNING: [Synth 8-3295] tying undriven pin master:data_in[1] to constant 0 [C:/Users/Fayz/OneDrive/Desktop/SV_PRACTICE/AXI4-LITE/AXI4-LITE.srcs/sources_1/new/AXI_4_top.sv:41]
WARNING: [Synth 8-3295] tying undriven pin master:data_in[0] to constant 0 [C:/Users/Fayz/OneDrive/Desktop/SV_PRACTICE/AXI4-LITE/AXI4-LITE.srcs/sources_1/new/AXI_4_top.sv:41]
WARNING: [Synth 8-3295] tying undriven pin des:S_AXI_0_arprot[2] to constant 0 [C:/Users/Fayz/OneDrive/Desktop/SV_PRACTICE/AXI4-LITE/AXI4-LITE.srcs/sources_1/new/AXI_4_top.sv:76]
WARNING: [Synth 8-3295] tying undriven pin des:S_AXI_0_arprot[1] to constant 0 [C:/Users/Fayz/OneDrive/Desktop/SV_PRACTICE/AXI4-LITE/AXI4-LITE.srcs/sources_1/new/AXI_4_top.sv:76]
WARNING: [Synth 8-3295] tying undriven pin des:S_AXI_0_arprot[0] to constant 0 [C:/Users/Fayz/OneDrive/Desktop/SV_PRACTICE/AXI4-LITE/AXI4-LITE.srcs/sources_1/new/AXI_4_top.sv:76]
WARNING: [Synth 8-3295] tying undriven pin des:S_AXI_0_awprot[2] to constant 0 [C:/Users/Fayz/OneDrive/Desktop/SV_PRACTICE/AXI4-LITE/AXI4-LITE.srcs/sources_1/new/AXI_4_top.sv:76]
WARNING: [Synth 8-3295] tying undriven pin des:S_AXI_0_awprot[1] to constant 0 [C:/Users/Fayz/OneDrive/Desktop/SV_PRACTICE/AXI4-LITE/AXI4-LITE.srcs/sources_1/new/AXI_4_top.sv:76]
WARNING: [Synth 8-3295] tying undriven pin des:S_AXI_0_awprot[0] to constant 0 [C:/Users/Fayz/OneDrive/Desktop/SV_PRACTICE/AXI4-LITE/AXI4-LITE.srcs/sources_1/new/AXI_4_top.sv:76]
WARNING: [Synth 8-3295] tying undriven pin des:S_AXI_0_wstrb[3] to constant 0 [C:/Users/Fayz/OneDrive/Desktop/SV_PRACTICE/AXI4-LITE/AXI4-LITE.srcs/sources_1/new/AXI_4_top.sv:76]
WARNING: [Synth 8-3295] tying undriven pin des:S_AXI_0_wstrb[2] to constant 0 [C:/Users/Fayz/OneDrive/Desktop/SV_PRACTICE/AXI4-LITE/AXI4-LITE.srcs/sources_1/new/AXI_4_top.sv:76]
WARNING: [Synth 8-3295] tying undriven pin des:S_AXI_0_wstrb[1] to constant 0 [C:/Users/Fayz/OneDrive/Desktop/SV_PRACTICE/AXI4-LITE/AXI4-LITE.srcs/sources_1/new/AXI_4_top.sv:76]
WARNING: [Synth 8-3295] tying undriven pin des:S_AXI_0_wstrb[0] to constant 0 [C:/Users/Fayz/OneDrive/Desktop/SV_PRACTICE/AXI4-LITE/AXI4-LITE.srcs/sources_1/new/AXI_4_top.sv:76]
---------------------------------------------------------------------------------
Start Handling Custom Attributes
---------------------------------------------------------------------------------
---------------------------------------------------------------------------------
Finished Handling Custom Attributes : Time (s): cpu = 00:00:26 ; elapsed = 00:00:34 . Memory (MB): peak = 1167.844 ; gain = 283.926
---------------------------------------------------------------------------------
---------------------------------------------------------------------------------
Finished RTL Optimization Phase 1 : Time (s): cpu = 00:00:26 ; elapsed = 00:00:34 . Memory (MB): peak = 1167.844 ; gain = 283.926
---------------------------------------------------------------------------------
INFO: [Device 21-403] Loading part xc7a100tcsg324-1
INFO: [Project 1-570] Preparing netlist for logic optimization

Processing XDC Constraints
Initializing timing engine
Completed Processing XDC Constraints

INFO: [Opt 31-138] Pushed 0 inverter(s) to 0 load pin(s).
INFO: [Project 1-111] Unisim Transformation Summary:
No Unisim elements were transformed.

RTL Elaboration Complete:  : Time (s): cpu = 00:00:54 ; elapsed = 00:01:07 . Memory (MB): peak = 1371.570 ; gain = 487.652
20 Infos, 160 Warnings, 0 Critical Warnings and 0 Errors encountered.
synth_design completed successfully
synth_design: Time (s): cpu = 00:00:54 ; elapsed = 00:01:07 . Memory (MB): peak = 1371.570 ; gain = 487.828
write_verilog -mode funcsim <TOP.v>
ERROR: [Designutils 20-798] Failed to write file [C:/Users/Fayz/OneDrive/Desktop/SV_PRACTICE/RV32_I/<TOP.v>] Invalid argument
write_verilog -mode funcsim TOP.v
C:/Users/Fayz/OneDrive/Desktop/SV_PRACTICE/RV32_I/TOP.v
exit
INFO: [Common 17-206] Exiting Vivado at Mon Oct 28 13:29:53 2024...
