#-----------------------------------------------------------
# Vivado v2018.2 (64-bit)
# SW Build 2258646 on Thu Jun 14 20:03:12 MDT 2018
# IP Build 2256618 on Thu Jun 14 22:10:49 MDT 2018
# Start of session at: Thu Sep  5 07:21:35 2024
# Process ID: 7968
# Current directory: C:/Users/Fayz/OneDrive/Desktop/SV_PRACTICE/RV32_I
# Command line: vivado.exe -gui_launcher_event rodinguilauncherevent12316 C:\Users\Fayz\OneDrive\Desktop\SV_PRACTICE\RV32_I\RV32_I.xpr
# Log file: C:/Users/Fayz/OneDrive/Desktop/SV_PRACTICE/RV32_I/vivado.log
# Journal file: C:/Users/Fayz/OneDrive/Desktop/SV_PRACTICE/RV32_I\vivado.jou
#-----------------------------------------------------------
start_gui
open_project C:/Users/Fayz/OneDrive/Desktop/SV_PRACTICE/RV32_I/RV32_I.xpr
Scanning sources...
Finished scanning sources
INFO: [IP_Flow 19-234] Refreshing IP repositories
INFO: [IP_Flow 19-1704] No user IP repositories specified
INFO: [IP_Flow 19-2313] Loaded Vivado IP repository 'E:/Vivado/2018.2/data/ip'.
open_project: Time (s): cpu = 00:00:24 ; elapsed = 00:00:35 . Memory (MB): peak = 823.051 ; gain = 133.652
update_compile_order -fileset sources_1
update_compile_order -fileset sources_1
close [ open C:/Users/Fayz/OneDrive/Desktop/SV_PRACTICE/RV32_I/RV32_I.srcs/sources_1/new/csr.v w ]
add_files C:/Users/Fayz/OneDrive/Desktop/SV_PRACTICE/RV32_I/RV32_I.srcs/sources_1/new/csr.v
update_compile_order -fileset sources_1
