#-----------------------------------------------------------
# Vivado v2018.2 (64-bit)
# SW Build 2258646 on Thu Jun 14 20:03:12 MDT 2018
# IP Build 2256618 on Thu Jun 14 22:10:49 MDT 2018
# Start of session at: Tue Aug  6 15:25:34 2024
# Process ID: 11552
# Current directory: C:/Users/Fayz/OneDrive/Desktop/SV_PRACTICE/RV32_I
# Command line: vivado.exe -gui_launcher_event rodinguilauncherevent9820 C:\Users\Fayz\OneDrive\Desktop\SV_PRACTICE\RV32_I\RV32_I.xpr
# Log file: C:/Users/Fayz/OneDrive/Desktop/SV_PRACTICE/RV32_I/vivado.log
# Journal file: C:/Users/Fayz/OneDrive/Desktop/SV_PRACTICE/RV32_I\vivado.jou
#-----------------------------------------------------------
start_gui
open_project C:/Users/Fayz/OneDrive/Desktop/SV_PRACTICE/RV32_I/RV32_I.xpr
Scanning sources...
Finished scanning sources
INFO: [IP_Flow 19-234] Refreshing IP repositories
INFO: [IP_Flow 19-1704] No user IP repositories specified
INFO: [IP_Flow 19-2313] Loaded Vivado IP repository 'E:/Vivado/2018.2/data/ip'.
open_project: Time (s): cpu = 00:00:27 ; elapsed = 00:00:39 . Memory (MB): peak = 860.988 ; gain = 129.426
update_compile_order -fileset sources_1
