
*** Running vivado
    with args -log top_tb.vds -m64 -product Vivado -mode batch -messageDb vivado.pb -notrace -source top_tb.tcl


****** Vivado v2018.2 (64-bit)
  **** SW Build 2258646 on Thu Jun 14 20:03:12 MDT 2018
  **** IP Build 2256618 on Thu Jun 14 22:10:49 MDT 2018
    ** Copyright 1986-2018 Xilinx, Inc. All Rights Reserved.

source top_tb.tcl -notrace
create_project: Time (s): cpu = 00:00:02 ; elapsed = 00:00:10 . Memory (MB): peak = 328.777 ; gain = 99.652
Command: synth_design -top top_tb -part xc7a100tcsg324-1
Starting synth_design
Attempting to get a license for feature 'Synthesis' and/or device 'xc7a100t'
INFO: [Common 17-349] Got license for feature 'Synthesis' and/or device 'xc7a100t'
INFO: Launching helper process for spawning children vivado processes
INFO: Helper process launched with PID 16656 
---------------------------------------------------------------------------------
Starting Synthesize : Time (s): cpu = 00:00:05 ; elapsed = 00:00:07 . Memory (MB): peak = 434.371 ; gain = 93.422
---------------------------------------------------------------------------------
INFO: [Synth 8-6157] synthesizing module 'top_tb' [C:/Users/Fayz/OneDrive/Desktop/SV_PRACTICE/RV32_I/RV32_I.srcs/sources_1/new/top_tb.v:3]
WARNING: [Synth 8-4446] all outputs are unconnected for this instance and logic may be removed [C:/Users/Fayz/OneDrive/Desktop/SV_PRACTICE/RV32_I/RV32_I.srcs/sources_1/new/top_tb.v:9]
INFO: [Synth 8-6157] synthesizing module 'top' [C:/Users/Fayz/OneDrive/Desktop/SV_PRACTICE/RV32_I/RV32_I.srcs/sources_1/new/top.v:4]
INFO: [Synth 8-6157] synthesizing module 'decode' [C:/Users/Fayz/OneDrive/Desktop/SV_PRACTICE/RV32_I/RV32_I.srcs/sources_1/new/decode.v:1]
	Parameter R_type bound to: 7'b0110011 
	Parameter I_type bound to: 7'b0010011 
	Parameter S_type bound to: 7'b0100011 
	Parameter Load bound to: 7'b0000011 
	Parameter SB bound to: 7'b1100011 
INFO: [Synth 8-155] case statement is not full and has no default [C:/Users/Fayz/OneDrive/Desktop/SV_PRACTICE/RV32_I/RV32_I.srcs/sources_1/new/decode.v:43]
INFO: [Synth 8-6155] done synthesizing module 'decode' (1#1) [C:/Users/Fayz/OneDrive/Desktop/SV_PRACTICE/RV32_I/RV32_I.srcs/sources_1/new/decode.v:1]
INFO: [Synth 8-6157] synthesizing module 'register' [C:/Users/Fayz/OneDrive/Desktop/SV_PRACTICE/RV32_I/RV32_I.srcs/sources_1/new/register.v:1]
ERROR: [Synth 8-434] mixed level sensitive and edge triggered event controls are not supported for synthesis [C:/Users/Fayz/OneDrive/Desktop/SV_PRACTICE/RV32_I/RV32_I.srcs/sources_1/new/register.v:16]
ERROR: [Synth 8-6156] failed synthesizing module 'register' [C:/Users/Fayz/OneDrive/Desktop/SV_PRACTICE/RV32_I/RV32_I.srcs/sources_1/new/register.v:1]
ERROR: [Synth 8-6156] failed synthesizing module 'top' [C:/Users/Fayz/OneDrive/Desktop/SV_PRACTICE/RV32_I/RV32_I.srcs/sources_1/new/top.v:4]
ERROR: [Synth 8-6156] failed synthesizing module 'top_tb' [C:/Users/Fayz/OneDrive/Desktop/SV_PRACTICE/RV32_I/RV32_I.srcs/sources_1/new/top_tb.v:3]
---------------------------------------------------------------------------------
Finished Synthesize : Time (s): cpu = 00:00:06 ; elapsed = 00:00:09 . Memory (MB): peak = 490.332 ; gain = 149.383
---------------------------------------------------------------------------------
synthesize failed
INFO: [Common 17-83] Releasing license: Synthesis
8 Infos, 1 Warnings, 0 Critical Warnings and 5 Errors encountered.
synth_design failed
ERROR: [Common 17-69] Command failed: Vivado Synthesis failed
INFO: [Common 17-206] Exiting Vivado at Fri Aug  9 01:23:07 2024...
